<?xml version="1.0" encoding="UTF-8"?>
<testsuite xmlns:xsi="http://www.w3.org/2001/XMLSchema-instance" xsi:noNamespaceSchemaLocation="https://maven.apache.org/surefire/maven-surefire-plugin/xsd/surefire-test-report-3.0.xsd" version="3.0" name="com.luv2code.springboot.demo.mycoolapp.MycoolappApplicationTests" time="4.813" tests="1" errors="0" skipped="0" failures="0">
  <properties>
[...]
</properties>
  <testcase name="contextLoads" classname="com.luv2code.springboot.demo.mycoolapp.MycoolappApplicationTests" time="1.484">
    <system-out><![CDATA[14:51:23.637 [main] INFO org.springframework.test.context.support.AnnotationConfigContextLoaderUtils -- Could not detect default configuration classes for test class [com.luv2code.springboot.demo.mycoolapp.MycoolappApplicationTests]: MycoolappApplicationTests does not declare any static, non-private, non-final, nested classes annotated with @Configuration.
14:51:23.824 [main] INFO org.springframework.boot.test.context.SpringBootTestContextBootstrapper -- Found @SpringBootConfiguration com.luv2code.springboot.demo.mycoolapp.MycoolappApplication for test class com.luv2code.springboot.demo.mycoolapp.MycoolappApplicationTests
14:51:24.168 [main] INFO org.springframework.boot.devtools.restart.RestartApplicationListener -- Restart disabled due to context in which it is running

  .   ____          _            __ _ _
 /\\ / ___'_ __ _ _(_)_ __  __ _ \ \ \ \
( ( )\___ | '_ | '_| | '_ \/ _` | \ \ \ \
 \\/  ___)| |_)| | | | | || (_| |  ) ) ) )
  '  |____| .__|_| |_|_| |_\__, | / / / /
 =========|_|==============|___/=/_/_/_/
 :: Spring Boot ::                (v3.2.1)

2024-02-18T14:51:24.609+05:30  INFO 2292 --- [           main] c.l.s.d.m.MycoolappApplicationTests      : Starting MycoolappApplicationTests using Java 17.0.10 with PID 2292 (started by KIIT in D:\Lakshya\Java\Advance_Java\Spring_Boot_3,_Spring_6_and_Hibernate\dev-spring-boot\01-spring-boot-overview\05-command-line-demo)
2024-02-18T14:51:24.625+05:30  INFO 2292 --- [           main] c.l.s.d.m.MycoolappApplicationTests      : No active profile set, falling back to 1 default profile: "default"
2024-02-18T14:51:26.685+05:30  INFO 2292 --- [           main] c.l.s.d.m.MycoolappApplicationTests      : Started MycoolappApplicationTests in 2.532 seconds (process running for 4.324)
]]></system-out>
  </testcase>
</testsuite>